0 info it worked if it ends with ok
1 verbose cli [ 'C:\\Program Files\\nodejs\\node.exe',
1 verbose cli   'C:\\Program Files\\nodejs\\node_modules\\npm\\bin\\npm-cli.js',
1 verbose cli   'install' ]
2 info using npm@2.15.1
3 info using node@v4.4.3
4 verbose readDependencies loading dependencies from D:\Sanket\NodeProjects\MeanApp\MeanApp\client\assests\package.json
5 warn package.json assests@1.0.0 No README data
6 verbose install where, deps [ 'D:\\Sanket\\NodeProjects\\MeanApp\\MeanApp\\client\\assests',
6 verbose install   [ 'nodeftpd' ] ]
7 verbose install where, peers [ 'D:\\Sanket\\NodeProjects\\MeanApp\\MeanApp\\client\\assests',
7 verbose install   [] ]
8 verbose installManyTop reading for lifecycle D:\Sanket\NodeProjects\MeanApp\MeanApp\client\assests\package.json
9 info preinstall assests@1.0.0
10 verbose readDependencies loading dependencies from D:\Sanket\NodeProjects\MeanApp\MeanApp\client\assests\package.json
11 silly cache add args [ 'nodeftpd@*', null ]
12 verbose cache add spec nodeftpd@*
13 silly cache add parsed spec Result {
13 silly cache add   raw: 'nodeftpd@*',
13 silly cache add   scope: null,
13 silly cache add   name: 'nodeftpd',
13 silly cache add   rawSpec: '*',
13 silly cache add   spec: '*',
13 silly cache add   type: 'range' }
14 silly addNamed nodeftpd@*
15 verbose addNamed "*" is a valid semver range for nodeftpd
16 silly addNameRange { name: 'nodeftpd', range: '*', hasData: false }
17 silly mapToRegistry name nodeftpd
18 silly mapToRegistry using default registry
19 silly mapToRegistry registry https://registry.npmjs.org/
20 silly mapToRegistry data Result {
20 silly mapToRegistry   raw: 'nodeftpd',
20 silly mapToRegistry   scope: null,
20 silly mapToRegistry   name: 'nodeftpd',
20 silly mapToRegistry   rawSpec: '',
20 silly mapToRegistry   spec: 'latest',
20 silly mapToRegistry   type: 'tag' }
21 silly mapToRegistry uri https://registry.npmjs.org/nodeftpd
22 verbose addNameRange registry:https://registry.npmjs.org/nodeftpd not in flight; fetching
23 verbose request uri https://registry.npmjs.org/nodeftpd
24 verbose request no auth needed
25 info attempt registry request try #1 at 9:23:41 PM
26 verbose request id c9bcd7caa8f70b03
27 http request GET https://registry.npmjs.org/nodeftpd
28 http 200 https://registry.npmjs.org/nodeftpd
29 verbose headers { server: 'nginx/1.10.1',
29 verbose headers   'content-type': 'application/json',
29 verbose headers   'last-modified': 'Fri, 18 Nov 2016 22:24:57 GMT',
29 verbose headers   etag: 'W/"582f7fb9-1b94f"',
29 verbose headers   'content-encoding': 'gzip',
29 verbose headers   'cache-control': 'max-age=300',
29 verbose headers   'content-length': '6538',
29 verbose headers   'accept-ranges': 'bytes',
29 verbose headers   date: 'Fri, 25 Nov 2016 15:53:45 GMT',
29 verbose headers   via: '1.1 varnish',
29 verbose headers   age: '0',
29 verbose headers   connection: 'keep-alive',
29 verbose headers   'x-served-by': 'cache-hkg6823-HKG',
29 verbose headers   'x-cache': 'MISS',
29 verbose headers   'x-cache-hits': '0',
29 verbose headers   'x-timer': 'S1480089225.004421,VS0,VE155',
29 verbose headers   vary: 'Accept-Encoding' }
30 silly get cb [ 200,
30 silly get   { server: 'nginx/1.10.1',
30 silly get     'content-type': 'application/json',
30 silly get     'last-modified': 'Fri, 18 Nov 2016 22:24:57 GMT',
30 silly get     etag: 'W/"582f7fb9-1b94f"',
30 silly get     'content-encoding': 'gzip',
30 silly get     'cache-control': 'max-age=300',
30 silly get     'content-length': '6538',
30 silly get     'accept-ranges': 'bytes',
30 silly get     date: 'Fri, 25 Nov 2016 15:53:45 GMT',
30 silly get     via: '1.1 varnish',
30 silly get     age: '0',
30 silly get     connection: 'keep-alive',
30 silly get     'x-served-by': 'cache-hkg6823-HKG',
30 silly get     'x-cache': 'MISS',
30 silly get     'x-cache-hits': '0',
30 silly get     'x-timer': 'S1480089225.004421,VS0,VE155',
30 silly get     vary: 'Accept-Encoding' } ]
31 verbose get saving nodeftpd to C:\Users\js\AppData\Roaming\npm-cache\registry.npmjs.org\nodeftpd\.cache.json
32 verbose correctMkdir C:\Users\js\AppData\Roaming\npm-cache correctMkdir not in flight; initializing
33 silly addNameRange number 2 { name: 'nodeftpd', range: '*', hasData: true }
34 silly addNameRange versions [ 'nodeftpd',
34 silly addNameRange   [ '0.1.0',
34 silly addNameRange     '0.2.0',
34 silly addNameRange     '0.2.1',
34 silly addNameRange     '0.2.2',
34 silly addNameRange     '0.2.3',
34 silly addNameRange     '0.3.0',
34 silly addNameRange     '0.3.1',
34 silly addNameRange     '0.3.2',
34 silly addNameRange     '0.3.3',
34 silly addNameRange     '0.3.4',
34 silly addNameRange     '0.4.0',
34 silly addNameRange     '0.4.1',
34 silly addNameRange     '0.4.2',
34 silly addNameRange     '0.5.0',
34 silly addNameRange     '0.6.0',
34 silly addNameRange     '0.6.1' ] ]
35 silly addNamed nodeftpd@0.6.1
36 verbose addNamed "0.6.1" is a plain semver version for nodeftpd
37 silly mapToRegistry name nodeftpd
38 silly mapToRegistry using default registry
39 silly mapToRegistry registry https://registry.npmjs.org/
40 silly mapToRegistry data Result {
40 silly mapToRegistry   raw: 'nodeftpd',
40 silly mapToRegistry   scope: null,
40 silly mapToRegistry   name: 'nodeftpd',
40 silly mapToRegistry   rawSpec: '',
40 silly mapToRegistry   spec: 'latest',
40 silly mapToRegistry   type: 'tag' }
41 silly mapToRegistry uri https://registry.npmjs.org/nodeftpd
42 verbose addRemoteTarball https://registry.npmjs.org/nodeftpd/-/nodeftpd-0.6.1.tgz not in flight; adding
43 verbose addRemoteTarball [ 'https://registry.npmjs.org/nodeftpd/-/nodeftpd-0.6.1.tgz',
43 verbose addRemoteTarball   '5adbb07f53192290ba88347ff723e99279d5db93' ]
44 info retry fetch attempt 1 at 9:23:43 PM
45 info attempt registry request try #1 at 9:23:43 PM
46 http fetch GET https://registry.npmjs.org/nodeftpd/-/nodeftpd-0.6.1.tgz
47 http fetch 200 https://registry.npmjs.org/nodeftpd/-/nodeftpd-0.6.1.tgz
48 silly fetchAndShaCheck shasum 5adbb07f53192290ba88347ff723e99279d5db93
49 verbose addTmpTarball C:\Users\js\AppData\Local\Temp\npm-6096-4b37508e\registry.npmjs.org\nodeftpd\-\nodeftpd-0.6.1.tgz not in flight; adding
50 verbose addTmpTarball already have metadata; skipping unpack for nodeftpd@0.6.1
51 verbose correctMkdir C:\Users\js\AppData\Roaming\npm-cache correctMkdir not in flight; initializing
52 silly cache afterAdd nodeftpd@0.6.1
53 verbose afterAdd C:\Users\js\AppData\Roaming\npm-cache\nodeftpd\0.6.1\package\package.json not in flight; writing
54 verbose correctMkdir C:\Users\js\AppData\Roaming\npm-cache correctMkdir not in flight; initializing
55 verbose afterAdd C:\Users\js\AppData\Roaming\npm-cache\nodeftpd\0.6.1\package\package.json written
56 silly install resolved [ { name: 'nodeftpd',
56 silly install resolved     preferGlobal: true,
56 silly install resolved     version: '0.6.1',
56 silly install resolved     author:
56 silly install resolved      { name: 'Brandon Wamboldt',
56 silly install resolved        email: 'brandon.wamboldt@gmail.com' },
56 silly install resolved     description: 'Flexible, light-weight FTP server',
56 silly install resolved     contributors: [ [Object] ],
56 silly install resolved     bin: { nodeftpd: './bin/nodeftpd' },
56 silly install resolved     main: './lib/nodeftpd',
56 silly install resolved     scripts:
56 silly install resolved      { start: './bin/nodeftpd start',
56 silly install resolved        stop: './bin/nodeftpd stop',
56 silly install resolved        preinstall: './bin/install_check.sh' },
56 silly install resolved     repository:
56 silly install resolved      { type: 'git',
56 silly install resolved        url: 'https://github.com/brandonwamboldt/nodeftpd.git' },
56 silly install resolved     keywords: [ 'cli', 'ftp', 'server', 'protocol', 'files', 'daemon' ],
56 silly install resolved     dependencies:
56 silly install resolved      { async: '0.2.x',
56 silly install resolved        lodash: '1.0.x',
56 silly install resolved        moment: '2.0.x',
56 silly install resolved        'authenticate-pam': '0.1.x',
56 silly install resolved        mongodb: '1.3.x',
56 silly install resolved        commander: '2.0.x',
56 silly install resolved        tmp: '0.0.x',
56 silly install resolved        'js-yaml': '2.1.x' },
56 silly install resolved     devDependencies: { grunt: '0.4.x', 'grunt-contrib-jshint': '~0.6.x' },
56 silly install resolved     license: 'MIT',
56 silly install resolved     engines: { node: '>=0.8' },
56 silly install resolved     os: [ '!win32' ],
56 silly install resolved     readme: 'NodeFTPD\n========\n\nNodeFTPD is an FTP server written for Node.js. It\'s currently under heavy development and should not be used in production.\n\nThis is a real FTP server, and I\'m aiming to implement all standard FTP functionality. I have pretty much all of the basics implemented so far, and you can definitely install this locally and use it as an FTP server. It even supports TLS!\n\nThe project is a Node.js/JavaScript learning project, but I intend on making it into a feature complete FTP server that I can deploy on my own servers.\n\nInstallation\n------------\n\nThis software is in **alpha**. It\'s **NOT** ready for use in any type of production environment.\n\n### Latest Code\n\n* The **PAM dev** package is required. On Ubuntu variants, install with `sudo apt-get install libpam-dev`. On CentOS variants, install with `sudo yum install pam-devel`. On Debian variants, install with `sudo apt-get install libpam0g-dev`.\n* Clone this repository or [download as a zip](https://github.com/brandonwamboldt/nodeftpd/archive/master.zip)\n* Run `npm install` to install dependencies\n* Run `npm start`. It will auto detect your IP and run on port 21.\n\n### From NPM\n\n* The **PAM dev** package is required. On Ubuntu variants, install with `sudo apt-get install libpam-dev`. On CentOS variants, install with `sudo yum install pam-devel`. On Debian variants, install with `sudo apt-get install libpam0g-dev`.\n* Run `npm install -g nodeftpd`\n* Run `nodeftpd start`. It will auto detect your IP and run on port 21.\n\nCommands Line Interface\n-----------------------\n\nThese instructions assume you\'ve installed NodeFTPD via NPM or placed the NodeFTPD binary in your `PATH` variable.\n\n**Start NodeFTPD**\n\n```\n$ nodeftpd start\nStarting NodeFTPD.... Done\n```\n\n**Stop NodeFTPD**\n\n```\n$ nodeftpd stop\nStopping NodeFTPD.... Stopped\n```\n\n**Restart NodeFTPD**\n\n```\n$ nodeftpd restart\nStopping NodeFTPD.... Not running\nStarting NodeFTPD.... Done\n```\n\n**NodeFTPD status**\n\n```\n$ nodeftpd status\nNodeFTPD is NOT running.\n```\n\n**Help**\n\n```\n$ nodeftpd help\n\n  Usage: nodeftpd [options] [command]\n\n  Commands:\n\n    help                   Show this help text\n    status                 Display the status of NodeFTPD\n    stop                   Stop NodeFTPD\n    restart                Restart NodeFTPD\n    *                      Start NodeFTPD\n\n  Options:\n\n    -h, --help       output usage information\n    -V, --version    output the version number\n    -D, --no-daemon  Don\'t run NodeFTPD as a daemon\n```\n\nLogs/PID File\n-------------\n\nEvery FTP command and response is logged. By default, these logs are stored in `/var/log/nodeftpd/access.log`.\n\nError logs are stored in `/var/log/nodeftpd/error.log`.\n\nThe PID file (stores the process ID of the main process) is in `/var/run/nodeftpd.pid`.\n\nYou may override these values via the config file.\n\nConfiguration\n-------------\n\nThe configuration file is `/etc/nodeftpd.yml`. It expects a YAML file. Example configuration below:\n\n```yaml\nport: 10021\npassive_port_range: 45000-55000\nmotd: \'NodeFTPD %pkg.version% Server (%os.hostname%)\'\n```\n\nTo see all possible configuration values, please look at `config.yml` (contains the default config).\n\nTLS/SSL\n-------\n\n### Explicit TLS\n\nThis is not yet implemented\n\n### Implicit TLS\n\n**Warning: This feature is new and unstable**\n\nAdd the following to your config file:\n\n```yaml\ntls:\n  enabled: true,\n  key: /root/server-key.pem\n  cert: /root/server-cert.pem\n  port: 990\n```\n\nListens on port 990 by default. Supports active and passive mode transfers.\n\nAuthentication Mechanisms\n-------------------------\n\nThe system only supports Linux accounts via PAM at the moment. More drivers are coming soon!\n\nArchitecture\n------------\n\nThis FTP server uses a child process based design, where each connection is handled by it\'s own process. This is for security reasons, and to make the code easier to organize and maintain.\n\nThe parent process listens for new connections and passes them off to a process in the process pool. When this occurs, a new process is spawned to keep *idle_workers* processes free in the pool. When a connection is closed, that process is destroyed.\n\nFTP Implementation Resources\n----------------------------\n\n* [RFC 3659 - Extensions to FTP](http://tools.ietf.org/html/rfc3659)\n* [List of raw FTP commands](http://www.nsftools.com/tips/RawFTP.htm)\n* [FTP Commands](http://www.ipswitch.com/support/ws_ftp-server/guide/v5/a_ftpref3.html)\n* [FTP: File Transfer Protocol on cr.yp.to](http://cr.yp.to/ftp.html)\n\n',
56 silly install resolved     readmeFilename: 'README.md',
56 silly install resolved     bugs: { url: 'https://github.com/brandonwamboldt/nodeftpd/issues' },
56 silly install resolved     _id: 'nodeftpd@0.6.1',
56 silly install resolved     dist:
56 silly install resolved      { shasum: '5adbb07f53192290ba88347ff723e99279d5db93',
56 silly install resolved        tarball: 'https://registry.npmjs.org/nodeftpd/-/nodeftpd-0.6.1.tgz' },
56 silly install resolved     _from: 'nodeftpd@*',
56 silly install resolved     _npmVersion: '1.3.8',
56 silly install resolved     _npmUser: { name: 'brandonwamboldt', email: 'brandon.wamboldt@gmail.com' },
56 silly install resolved     maintainers: [ [Object] ],
56 silly install resolved     directories: {},
56 silly install resolved     _shasum: '5adbb07f53192290ba88347ff723e99279d5db93',
56 silly install resolved     _resolved: 'https://registry.npmjs.org/nodeftpd/-/nodeftpd-0.6.1.tgz' } ]
57 info install nodeftpd@0.6.1 into D:\Sanket\NodeProjects\MeanApp\MeanApp\client\assests
58 info installOne nodeftpd@0.6.1
59 verbose installOne of nodeftpd to D:\Sanket\NodeProjects\MeanApp\MeanApp\client\assests not in flight; installing
60 verbose correctMkdir C:\Users\js\AppData\Roaming\npm-cache\_locks correctMkdir not in flight; initializing
61 verbose lock using C:\Users\js\AppData\Roaming\npm-cache\_locks\nodeftpd-c1e54c72b72753d8.lock for D:\Sanket\NodeProjects\MeanApp\MeanApp\client\assests\node_modules\nodeftpd
62 verbose unlock done using C:\Users\js\AppData\Roaming\npm-cache\_locks\nodeftpd-c1e54c72b72753d8.lock for D:\Sanket\NodeProjects\MeanApp\MeanApp\client\assests\node_modules\nodeftpd
63 verbose stack Error: Unsupported
63 verbose stack     at checkPlatform (C:\Program Files\nodejs\node_modules\npm\node_modules\npm-install-checks\index.js:47:14)
63 verbose stack     at Array.<anonymous> (C:\Program Files\nodejs\node_modules\npm\node_modules\slide\lib\bind-actor.js:15:8)
63 verbose stack     at LOOP (C:\Program Files\nodejs\node_modules\npm\node_modules\slide\lib\chain.js:15:14)
63 verbose stack     at C:\Program Files\nodejs\node_modules\npm\node_modules\slide\lib\chain.js:18:7
63 verbose stack     at checkEngine (C:\Program Files\nodejs\node_modules\npm\node_modules\npm-install-checks\index.js:26:10)
63 verbose stack     at Array.<anonymous> (C:\Program Files\nodejs\node_modules\npm\node_modules\slide\lib\bind-actor.js:15:8)
63 verbose stack     at LOOP (C:\Program Files\nodejs\node_modules\npm\node_modules\slide\lib\chain.js:15:14)
63 verbose stack     at chain (C:\Program Files\nodejs\node_modules\npm\node_modules\slide\lib\chain.js:20:5)
63 verbose stack     at C:\Program Files\nodejs\node_modules\npm\lib\install.js:1038:5
63 verbose stack     at C:\Program Files\nodejs\node_modules\npm\lib\utils\locker.js:39:7
64 verbose pkgid nodeftpd@0.6.1
65 verbose cwd D:\Sanket\NodeProjects\MeanApp\MeanApp\client\assests
66 error Windows_NT 6.1.7601
67 error argv "C:\\Program Files\\nodejs\\node.exe" "C:\\Program Files\\nodejs\\node_modules\\npm\\bin\\npm-cli.js" "install"
68 error node v4.4.3
69 error npm  v2.15.1
70 error code EBADPLATFORM
71 error notsup Unsupported
71 error notsup Not compatible with your operating system or architecture: nodeftpd@0.6.1
71 error notsup Valid OS:    !win32
71 error notsup Valid Arch:  any
71 error notsup Actual OS:   win32
71 error notsup Actual Arch: ia32
72 verbose exit [ 1, true ]
